* 0ac9871 Do not disable the screen completely
* 46addeb Do not disable the screen completely
* a46e770 Do not disable the screen completely
* eef776e Do not disable the screen completely
* 30371d2 Do not disable the screen completely
* 73fdf84 Do not disable the screen completely
* a7c1b0a Do not disable the screen completely
* 562d50b Do not disable the screen completely
* 5009eb9 Do not disable the screen completely
* 7766903 Do not disable the screen completely
* 28b4561 compilation
* fdf17dc Added more buttons
* b9c8292 Added more buttons
* 9bc1d64 Compile order
* 74f5517 Compile order
* 51b57f4 Compile order
* 3c07cec Restore
* 5be07f8 Extra bug fixes
* ed097f2 fixes round 43
* 73336ba fixes round 42
